2021-03-08 16:46:05,966 - app - INFO - Host: localhost:5000
Connection: keep-alive
Content-Length: 25985
Cache-Control: max-age=0
Sec-Ch-Ua: "Chromium";v="88", "Google Chrome";v="88", ";Not A Brand";v="99"
Sec-Ch-Ua-Mobile: ?0
Upgrade-Insecure-Requests: 1
Origin: http://localhost:5000
Content-Type: multipart/form-data; boundary=----WebKitFormBoundaryTZ8iknA9IIaorHgj
User-Agent: Mozilla/5.0 (Windows NT 10.0; Win64; x64) AppleWebKit/537.36 (KHTML, like Gecko) Chrome/88.0.4324.190 Safari/537.36
Accept: text/html,application/xhtml+xml,application/xml;q=0.9,image/avif,image/webp,image/apng,*/*;q=0.8,application/signed-exchange;v=b3;q=0.9
Sec-Fetch-Site: same-origin
Sec-Fetch-Mode: navigate
Sec-Fetch-User: ?1
Sec-Fetch-Dest: document
Referer: http://localhost:5000/
Accept-Encoding: gzip, deflate, br
Accept-Language: en-US,en;q=0.9
Cookie: username-localhost-8889="2|1:0|10:1613749685|23:username-localhost-8889|44:ZDM3ZDc3YTUyNDE1NDFlMWE2ZmMyNmU1YTgwZWZmNGM=|99d0c6ad14108bd322ecb8bc116a3d6824612c71539e7642e77cba935b5c810c"; _xsrf=2|9e09c60d|671b43550472c70a2c60012cbf10b0db|1614128792; username-localhost-8888="2|1:0|10:1615192844|23:username-localhost-8888|44:NzVlM2I1NTRiMzhmNDI3N2E1MWY3YTg0N2Y1NDFlZGQ=|7615a6ffdbf8bf440e2758118c3dbda80a3def02a65d8504232238e30bebf34f"


2021-03-08 16:46:05,968 - app - INFO - File: exists
2021-03-08 16:46:05,969 - app - INFO - File: name = happybday.PNG
2021-03-08 16:46:05,969 - app - INFO - File: exists | Format: matching
2021-03-08 16:46:43,055 - app - ERROR - ERROR: prediction exceptionheight and width must be > 0
2021-03-08 16:46:43,647 - app - ERROR - Traceback (most recent call last):
  File "app.py", line 101, in predict
    all_predictions = model.predict(cv_img)
  File "C:\Users\aroue\Downloads\Documents\@ML\notable-server\ml_model.py", line 58, in predict
    segmented_staves = Slice(cv_img)
  File "C:\Users\aroue\Downloads\Documents\@ML\notable-server\segmenter\slicer.py", line 98, in Slice
    crop(output_path)
  File "C:\Users\aroue\Downloads\Documents\@ML\notable-server\segmenter\commonfunctions.py", line 60, in crop
    resized_img = cropped_img.resize((wsize, baseheight), Image.ANTIALIAS)
  File "C:\Users\aroue\anaconda3\lib\site-packages\PIL\Image.py", line 1922, in resize
    return self._new(self.im.resize(size, resample, box))
ValueError: height and width must be > 0

